app/build/intermediates/manifest_merge_blame_file/release/manifest-merger-blame-release-report.txt
1<?xml version="1.0" encoding="utf-8"?>
2<manifest xmlns:android="http://schemas.android.com/apk/res/android"
3    package="com.column.roar"
4    android:installLocation="auto"
5    android:requestLegacyExternalStorage="true"
6    android:versionCode="11"
7    android:versionName="1.0.3" >
8
9    <uses-sdk
10        android:minSdkVersion="21"
10-->src\main\AndroidManifest.xml
11        android:targetSdkVersion="31" />
11-->src\main\AndroidManifest.xml
12
13    <uses-permission android:name="android.permission.ACCESS_NETWORK_STATE" />
13-->src\main\AndroidManifest.xml:10:5-79
13-->src\main\AndroidManifest.xml:10:22-76
14    <uses-permission android:name="android.permission.READ_EXTERNAL_STORAGE" />
14-->src\main\AndroidManifest.xml:11:5-80
14-->src\main\AndroidManifest.xml:11:22-77
15    <uses-permission android:name="android.permission.WAKE_LOCK" />
15-->src\main\AndroidManifest.xml:12:5-68
15-->src\main\AndroidManifest.xml:12:22-65
16    <uses-permission android:name="android.permission.WRITE_EXTERNAL_STORAGE" />
16-->src\main\AndroidManifest.xml:13:5-14:48
16-->src\main\AndroidManifest.xml:13:22-78
17    <uses-permission android:name="android.permission.INTERNET" />
17-->src\main\AndroidManifest.xml:15:5-67
17-->src\main\AndroidManifest.xml:15:22-64
18    <uses-permission android:name="com.google.android.gms.permission.AD_ID" /> <!-- Android package visibility setting -->
18-->[com.google.android.gms:play-services-ads-lite:20.4.0] AndroidManifest.xml:25:5-79
18-->[com.google.android.gms:play-services-ads-lite:20.4.0] AndroidManifest.xml:25:22-76
19    <queries>
19-->[com.google.android.gms:play-services-ads-lite:20.4.0] AndroidManifest.xml:28:5-44:15
20
21        <!-- For browser content -->
22        <intent>
22-->[com.google.android.gms:play-services-ads-lite:20.4.0] AndroidManifest.xml:31:9-37:18
23            <action android:name="android.intent.action.VIEW" />
23-->[com.google.android.gms:play-services-ads-lite:20.4.0] AndroidManifest.xml:32:13-65
23-->[com.google.android.gms:play-services-ads-lite:20.4.0] AndroidManifest.xml:32:21-62
24
25            <category android:name="android.intent.category.BROWSABLE" />
25-->[com.google.android.gms:play-services-ads-lite:20.4.0] AndroidManifest.xml:34:13-74
25-->[com.google.android.gms:play-services-ads-lite:20.4.0] AndroidManifest.xml:34:23-71
26
27            <data android:scheme="https" />
27-->[com.google.android.gms:play-services-ads-lite:20.4.0] AndroidManifest.xml:36:13-44
27-->[com.google.android.gms:play-services-ads-lite:20.4.0] AndroidManifest.xml:36:19-41
28        </intent>
29        <!-- End of browser content -->
30        <!-- For CustomTabsService -->
31        <intent>
31-->[com.google.android.gms:play-services-ads-lite:20.4.0] AndroidManifest.xml:40:9-42:18
32            <action android:name="android.support.customtabs.action.CustomTabsService" />
32-->[com.google.android.gms:play-services-ads-lite:20.4.0] AndroidManifest.xml:41:13-90
32-->[com.google.android.gms:play-services-ads-lite:20.4.0] AndroidManifest.xml:41:21-87
33        </intent>
34        <!-- End of CustomTabsService -->
35        <intent>
35-->[androidx.media:media:1.3.1] AndroidManifest.xml:25:9-27:18
36            <action android:name="android.media.browse.MediaBrowserService" />
36-->[androidx.media:media:1.3.1] AndroidManifest.xml:26:13-79
36-->[androidx.media:media:1.3.1] AndroidManifest.xml:26:21-76
37        </intent>
38    </queries>
39
40    <uses-permission android:name="android.permission.RECEIVE_BOOT_COMPLETED" /> <!-- Required by older versions of Google Play services to create IID tokens -->
40-->[androidx.work:work-runtime:2.1.0] AndroidManifest.xml:27:5-81
40-->[androidx.work:work-runtime:2.1.0] AndroidManifest.xml:27:22-78
41    <uses-permission android:name="com.google.android.c2dm.permission.RECEIVE" />
41-->[com.google.firebase:firebase-messaging:22.0.0] AndroidManifest.xml:25:5-82
41-->[com.google.firebase:firebase-messaging:22.0.0] AndroidManifest.xml:25:22-79
42    <uses-permission android:name="com.google.android.finsky.permission.BIND_GET_INSTALL_REFERRER_SERVICE" />
42-->[com.google.android.gms:play-services-measurement:19.0.0] AndroidManifest.xml:26:5-110
42-->[com.google.android.gms:play-services-measurement:19.0.0] AndroidManifest.xml:26:22-107
43
44    <application
44-->src\main\AndroidManifest.xml:17:5-78:19
45        android:name="com.column.roar.HousingApplication"
45-->src\main\AndroidManifest.xml:18:9-58
46        android:allowBackup="true"
46-->src\main\AndroidManifest.xml:19:9-35
47        android:appComponentFactory="androidx.core.app.CoreComponentFactory"
47-->[androidx.core:core:1.6.0] AndroidManifest.xml:24:18-86
48        android:icon="@drawable/emma_playstore_christmas1"
48-->src\main\AndroidManifest.xml:20:9-59
49        android:label="@string/app_name"
49-->src\main\AndroidManifest.xml:21:9-41
50        android:roundIcon="@drawable/roar_one"
50-->src\main\AndroidManifest.xml:22:9-47
51        android:supportsRtl="true"
51-->src\main\AndroidManifest.xml:23:9-35
52        android:theme="@style/Theme.RoarHousing" >
52-->src\main\AndroidManifest.xml:24:9-49
53        <meta-data
53-->src\main\AndroidManifest.xml:27:9-29:70
54            android:name="com.google.android.gms.ads.APPLICATION_ID"
54-->src\main\AndroidManifest.xml:28:13-69
55            android:value="ca-app-pub-5438024144140054~2526356371" />
55-->src\main\AndroidManifest.xml:29:13-67
56
57        <activity
57-->src\main\AndroidManifest.xml:31:9-38:20
58            android:name="com.column.roar.SplashActivity"
58-->src\main\AndroidManifest.xml:32:13-58
59            android:screenOrientation="portrait" >
59-->src\main\AndroidManifest.xml:33:13-49
60            <intent-filter>
60-->src\main\AndroidManifest.xml:34:13-37:29
61                <action android:name="android.intent.action.MAIN" />
61-->src\main\AndroidManifest.xml:35:17-69
61-->src\main\AndroidManifest.xml:35:25-66
62
63                <category android:name="android.intent.category.LAUNCHER" />
63-->src\main\AndroidManifest.xml:36:17-77
63-->src\main\AndroidManifest.xml:36:27-74
64            </intent-filter>
65        </activity>
66        <activity
66-->src\main\AndroidManifest.xml:40:9-52:20
67            android:name="com.column.roar.MainActivity"
67-->src\main\AndroidManifest.xml:41:13-56
68            android:launchMode="singleTask"
68-->src\main\AndroidManifest.xml:42:13-44
69            android:screenOrientation="portrait" >
69-->src\main\AndroidManifest.xml:43:13-49
70            <intent-filter>
70-->src\main\AndroidManifest.xml:45:13-51:29
71                <action
71-->src\main\AndroidManifest.xml:35:17-69
72                    android:name="android.intent.action.MAIN"
72-->src\main\AndroidManifest.xml:35:25-66
73                    android:hardwareAccelerated="true" />
73-->src\main\AndroidManifest.xml:48:21-55
74                <!-- <category android:name="android.intent.category.LAUNCHER" /> -->
75            </intent-filter>
76            <intent-filter android:autoVerify="true" >
76-->[main_nav] main_nav.xml:37:9-42:14
76-->[main_nav] main_nav.xml:37:9-42:14
77                <action android:name="android.intent.action.VIEW" />
77-->[com.google.android.gms:play-services-ads-lite:20.4.0] AndroidManifest.xml:32:13-65
77-->[com.google.android.gms:play-services-ads-lite:20.4.0] AndroidManifest.xml:32:21-62
78
79                <category android:name="android.intent.category.DEFAULT" />
79-->[com.google.firebase:firebase-auth:21.0.1] AndroidManifest.xml:36:17-76
79-->[com.google.firebase:firebase-auth:21.0.1] AndroidManifest.xml:36:27-73
80                <category android:name="android.intent.category.BROWSABLE" />
80-->[com.google.android.gms:play-services-ads-lite:20.4.0] AndroidManifest.xml:34:13-74
80-->[com.google.android.gms:play-services-ads-lite:20.4.0] AndroidManifest.xml:34:23-71
81
82                <data android:scheme="https" />
82-->[com.google.android.gms:play-services-ads-lite:20.4.0] AndroidManifest.xml:36:13-44
82-->[com.google.android.gms:play-services-ads-lite:20.4.0] AndroidManifest.xml:36:19-41
83                <data android:host="unnapp.page.link" />
83-->[com.google.android.gms:play-services-ads-lite:20.4.0] AndroidManifest.xml:36:13-44
83-->[main_nav] main_nav.xml:37:9-42:14
84                <data android:pathPrefix="/lodges/" />
84-->[com.google.android.gms:play-services-ads-lite:20.4.0] AndroidManifest.xml:36:13-44
84-->[main_nav] main_nav.xml:37:9-42:14
85            </intent-filter>
86            <intent-filter android:autoVerify="true" >
86-->[main_nav] main_nav.xml:83:9-88:67
86-->[main_nav] main_nav.xml:83:9-88:67
87                <action android:name="android.intent.action.VIEW" />
87-->[com.google.android.gms:play-services-ads-lite:20.4.0] AndroidManifest.xml:32:13-65
87-->[com.google.android.gms:play-services-ads-lite:20.4.0] AndroidManifest.xml:32:21-62
88
89                <category android:name="android.intent.category.DEFAULT" />
89-->[com.google.firebase:firebase-auth:21.0.1] AndroidManifest.xml:36:17-76
89-->[com.google.firebase:firebase-auth:21.0.1] AndroidManifest.xml:36:27-73
90                <category android:name="android.intent.category.BROWSABLE" />
90-->[com.google.android.gms:play-services-ads-lite:20.4.0] AndroidManifest.xml:34:13-74
90-->[com.google.android.gms:play-services-ads-lite:20.4.0] AndroidManifest.xml:34:23-71
91
92                <data android:scheme="https" />
92-->[com.google.android.gms:play-services-ads-lite:20.4.0] AndroidManifest.xml:36:13-44
92-->[com.google.android.gms:play-services-ads-lite:20.4.0] AndroidManifest.xml:36:19-41
93                <data android:host="unnapp.page.link" />
93-->[com.google.android.gms:play-services-ads-lite:20.4.0] AndroidManifest.xml:36:13-44
93-->[main_nav] main_nav.xml:37:9-42:14
94                <data android:pathPrefix="/payment/" />
94-->[com.google.android.gms:play-services-ads-lite:20.4.0] AndroidManifest.xml:36:13-44
94-->[main_nav] main_nav.xml:37:9-42:14
95            </intent-filter>
96            <intent-filter android:autoVerify="true" >
96-->[main_nav] main_nav.xml:202:9-208:15
96-->[main_nav] main_nav.xml:202:9-208:15
97                <action android:name="android.intent.action.VIEW" />
97-->[com.google.android.gms:play-services-ads-lite:20.4.0] AndroidManifest.xml:32:13-65
97-->[com.google.android.gms:play-services-ads-lite:20.4.0] AndroidManifest.xml:32:21-62
98
99                <category android:name="android.intent.category.DEFAULT" />
99-->[com.google.firebase:firebase-auth:21.0.1] AndroidManifest.xml:36:17-76
99-->[com.google.firebase:firebase-auth:21.0.1] AndroidManifest.xml:36:27-73
100                <category android:name="android.intent.category.BROWSABLE" />
100-->[com.google.android.gms:play-services-ads-lite:20.4.0] AndroidManifest.xml:34:13-74
100-->[com.google.android.gms:play-services-ads-lite:20.4.0] AndroidManifest.xml:34:23-71
101
102                <data android:scheme="https" />
102-->[com.google.android.gms:play-services-ads-lite:20.4.0] AndroidManifest.xml:36:13-44
102-->[com.google.android.gms:play-services-ads-lite:20.4.0] AndroidManifest.xml:36:19-41
103                <data android:host="unnapp.page.link" />
103-->[com.google.android.gms:play-services-ads-lite:20.4.0] AndroidManifest.xml:36:13-44
103-->[main_nav] main_nav.xml:37:9-42:14
104                <data android:pathPrefix="/ads/" />
104-->[com.google.android.gms:play-services-ads-lite:20.4.0] AndroidManifest.xml:36:13-44
104-->[main_nav] main_nav.xml:37:9-42:14
105            </intent-filter>
106        </activity>
107
108        <service
108-->src\main\AndroidManifest.xml:54:9-60:19
109            android:name="com.column.roar.fcm.MyFirebaseMessagingService"
109-->src\main\AndroidManifest.xml:55:13-74
110            android:exported="false" >
110-->src\main\AndroidManifest.xml:56:13-37
111            <intent-filter>
111-->src\main\AndroidManifest.xml:57:13-59:29
112                <action android:name="com.google.firebase.MESSAGING_EVENT" />
112-->src\main\AndroidManifest.xml:58:17-78
112-->src\main\AndroidManifest.xml:58:25-75
113            </intent-filter>
114        </service>
115
116        <meta-data
116-->src\main\AndroidManifest.xml:62:9-64:50
117            android:name="com.google.firebase.messaging.default_notification_color"
117-->src\main\AndroidManifest.xml:63:13-84
118            android:resource="@color/blue_100" />
118-->src\main\AndroidManifest.xml:64:13-47
119        <meta-data
119-->src\main\AndroidManifest.xml:66:9-68:57
120            android:name="com.google.firebase.messaging.default_notification_icon"
120-->src\main\AndroidManifest.xml:67:13-83
121            android:resource="@drawable/ic_emma_icon" />
121-->src\main\AndroidManifest.xml:68:13-54
122        <meta-data
122-->src\main\AndroidManifest.xml:70:9-72:70
123            android:name="com.google.firebase.messaging.default_notification_channel_id"
123-->src\main\AndroidManifest.xml:71:13-89
124            android:value="@string/lodges_notification_channel_id" />
124-->src\main\AndroidManifest.xml:72:13-67
125        <meta-data
125-->src\main\AndroidManifest.xml:74:9-76:71
126            android:name="com.google.firebase.messaging.products_notification_channel"
126-->src\main\AndroidManifest.xml:75:13-87
127            android:value="@string/product_notification_channel_id" />
127-->src\main\AndroidManifest.xml:76:13-68
128
129        <activity
129-->[com.github.flutterwave.rave-android:rave_android:2.1.37] AndroidManifest.xml:15:9-19:55
130            android:name="com.flutterwave.raveandroid.RavePayActivity"
130-->[com.github.flutterwave.rave-android:rave_android:2.1.37] AndroidManifest.xml:16:13-71
131            android:label="@string/app_name"
131-->[com.github.flutterwave.rave-android:rave_android:2.1.37] AndroidManifest.xml:17:13-45
132            android:screenOrientation="portrait"
132-->[com.github.flutterwave.rave-android:rave_android:2.1.37] AndroidManifest.xml:18:13-49
133            android:windowSoftInputMode="adjustPan" />
133-->[com.github.flutterwave.rave-android:rave_android:2.1.37] AndroidManifest.xml:19:13-52
134        <activity
134-->[com.github.flutterwave.rave-android:rave_android:2.1.37] AndroidManifest.xml:20:9-22:52
135            android:name="com.flutterwave.raveandroid.card.savedcards.SavedCardsActivity"
135-->[com.github.flutterwave.rave-android:rave_android:2.1.37] AndroidManifest.xml:21:13-90
136            android:screenOrientation="portrait" />
136-->[com.github.flutterwave.rave-android:rave_android:2.1.37] AndroidManifest.xml:22:13-49
137        <activity
137-->[com.github.flutterwave.rave-android:rave_utils:2.1.37] AndroidManifest.xml:12:9-14:52
138            android:name="com.flutterwave.raveutils.verification.VerificationActivity"
138-->[com.github.flutterwave.rave-android:rave_utils:2.1.37] AndroidManifest.xml:13:13-87
139            android:screenOrientation="portrait" />
139-->[com.github.flutterwave.rave-android:rave_utils:2.1.37] AndroidManifest.xml:14:13-49
140
141        <provider
141-->[com.squareup.picasso:picasso:2.71828] AndroidManifest.xml:8:9-11:40
142            android:name="com.squareup.picasso.PicassoProvider"
142-->[com.squareup.picasso:picasso:2.71828] AndroidManifest.xml:9:13-64
143            android:authorities="com.column.roar.com.squareup.picasso"
143-->[com.squareup.picasso:picasso:2.71828] AndroidManifest.xml:10:13-72
144            android:exported="false" />
144-->[com.squareup.picasso:picasso:2.71828] AndroidManifest.xml:11:13-37
145
146        <service
146-->[com.google.firebase:firebase-storage-ktx:20.0.0] AndroidManifest.xml:12:9-18:19
147            android:name="com.google.firebase.components.ComponentDiscoveryService"
147-->[com.google.firebase:firebase-storage-ktx:20.0.0] AndroidManifest.xml:13:13-84
148            android:directBootAware="true"
148-->[com.google.firebase:firebase-common:20.0.0] AndroidManifest.xml:35:13-43
149            android:exported="false" >
149-->[com.google.firebase:firebase-storage-ktx:20.0.0] AndroidManifest.xml:14:13-37
150            <meta-data
150-->[com.google.firebase:firebase-storage-ktx:20.0.0] AndroidManifest.xml:15:13-17:85
151                android:name="com.google.firebase.components:com.google.firebase.storage.ktx.FirebaseStorageKtxRegistrar"
151-->[com.google.firebase:firebase-storage-ktx:20.0.0] AndroidManifest.xml:16:17-122
152                android:value="com.google.firebase.components.ComponentRegistrar" />
152-->[com.google.firebase:firebase-storage-ktx:20.0.0] AndroidManifest.xml:17:17-82
153            <meta-data
153-->[com.google.firebase:firebase-dynamic-links-ktx:20.1.1] AndroidManifest.xml:28:13-30:85
154                android:name="com.google.firebase.components:com.google.firebase.dynamiclinks.ktx.FirebaseDynamicLinksKtxRegistrar"
154-->[com.google.firebase:firebase-dynamic-links-ktx:20.1.1] AndroidManifest.xml:29:17-132
155                android:value="com.google.firebase.components.ComponentRegistrar" />
155-->[com.google.firebase:firebase-dynamic-links-ktx:20.1.1] AndroidManifest.xml:30:17-82
156            <meta-data
156-->[com.google.firebase:firebase-firestore-ktx:23.0.3] AndroidManifest.xml:15:13-17:85
157                android:name="com.google.firebase.components:com.google.firebase.firestore.ktx.FirebaseFirestoreKtxRegistrar"
157-->[com.google.firebase:firebase-firestore-ktx:23.0.3] AndroidManifest.xml:16:17-126
158                android:value="com.google.firebase.components.ComponentRegistrar" />
158-->[com.google.firebase:firebase-firestore-ktx:23.0.3] AndroidManifest.xml:17:17-82
159            <meta-data
159-->[com.google.firebase:firebase-auth-ktx:21.0.1] AndroidManifest.xml:11:13-13:85
160                android:name="com.google.firebase.components:com.google.firebase.auth.ktx.FirebaseAuthKtxRegistrar"
160-->[com.google.firebase:firebase-auth-ktx:21.0.1] AndroidManifest.xml:12:17-116
161                android:value="com.google.firebase.components.ComponentRegistrar" />
161-->[com.google.firebase:firebase-auth-ktx:21.0.1] AndroidManifest.xml:13:17-82
162            <meta-data
162-->[com.google.firebase:firebase-messaging-ktx:22.0.0] AndroidManifest.xml:29:13-31:85
163                android:name="com.google.firebase.components:com.google.firebase.messaging.ktx.FirebaseMessagingKtxRegistrar"
163-->[com.google.firebase:firebase-messaging-ktx:22.0.0] AndroidManifest.xml:30:17-126
164                android:value="com.google.firebase.components.ComponentRegistrar" />
164-->[com.google.firebase:firebase-messaging-ktx:22.0.0] AndroidManifest.xml:31:17-82
165            <meta-data
165-->[com.google.firebase:firebase-common-ktx:20.0.0] AndroidManifest.xml:15:13-17:85
166                android:name="com.google.firebase.components:com.google.firebase.ktx.FirebaseCommonKtxRegistrar"
166-->[com.google.firebase:firebase-common-ktx:20.0.0] AndroidManifest.xml:16:17-113
167                android:value="com.google.firebase.components.ComponentRegistrar" />
167-->[com.google.firebase:firebase-common-ktx:20.0.0] AndroidManifest.xml:17:17-82
168            <meta-data
168-->[com.google.firebase:firebase-firestore:23.0.3] AndroidManifest.xml:20:13-22:85
169                android:name="com.google.firebase.components:com.google.firebase.firestore.FirestoreRegistrar"
169-->[com.google.firebase:firebase-firestore:23.0.3] AndroidManifest.xml:21:17-111
170                android:value="com.google.firebase.components.ComponentRegistrar" />
170-->[com.google.firebase:firebase-firestore:23.0.3] AndroidManifest.xml:22:17-82
171            <meta-data
171-->[com.google.firebase:firebase-crashlytics:18.2.0] AndroidManifest.xml:18:13-20:85
172                android:name="com.google.firebase.components:com.google.firebase.crashlytics.CrashlyticsRegistrar"
172-->[com.google.firebase:firebase-crashlytics:18.2.0] AndroidManifest.xml:19:17-115
173                android:value="com.google.firebase.components.ComponentRegistrar" />
173-->[com.google.firebase:firebase-crashlytics:18.2.0] AndroidManifest.xml:20:17-82
174            <meta-data
174-->[com.google.firebase:firebase-messaging:22.0.0] AndroidManifest.xml:52:13-54:85
175                android:name="com.google.firebase.components:com.google.firebase.messaging.FirebaseMessagingRegistrar"
175-->[com.google.firebase:firebase-messaging:22.0.0] AndroidManifest.xml:53:17-119
176                android:value="com.google.firebase.components.ComponentRegistrar" />
176-->[com.google.firebase:firebase-messaging:22.0.0] AndroidManifest.xml:54:17-82
177            <meta-data
177-->[com.google.firebase:firebase-datatransport:18.0.0] AndroidManifest.xml:28:13-30:85
178                android:name="com.google.firebase.components:com.google.firebase.datatransport.TransportRegistrar"
178-->[com.google.firebase:firebase-datatransport:18.0.0] AndroidManifest.xml:29:17-115
179                android:value="com.google.firebase.components.ComponentRegistrar" />
179-->[com.google.firebase:firebase-datatransport:18.0.0] AndroidManifest.xml:30:17-82
180            <meta-data
180-->[com.google.firebase:firebase-auth:21.0.1] AndroidManifest.xml:77:13-79:85
181                android:name="com.google.firebase.components:com.google.firebase.auth.FirebaseAuthRegistrar"
181-->[com.google.firebase:firebase-auth:21.0.1] AndroidManifest.xml:78:17-109
182                android:value="com.google.firebase.components.ComponentRegistrar" />
182-->[com.google.firebase:firebase-auth:21.0.1] AndroidManifest.xml:79:17-82
183            <meta-data
183-->[com.google.firebase:firebase-dynamic-links:20.1.1] AndroidManifest.xml:27:13-29:85
184                android:name="com.google.firebase.components:com.google.firebase.dynamiclinks.internal.FirebaseDynamicLinkRegistrar"
184-->[com.google.firebase:firebase-dynamic-links:20.1.1] AndroidManifest.xml:28:17-133
185                android:value="com.google.firebase.components.ComponentRegistrar" />
185-->[com.google.firebase:firebase-dynamic-links:20.1.1] AndroidManifest.xml:29:17-82
186            <meta-data
186-->[com.google.firebase:firebase-storage:20.0.0] AndroidManifest.xml:33:13-35:85
187                android:name="com.google.firebase.components:com.google.firebase.storage.StorageRegistrar"
187-->[com.google.firebase:firebase-storage:20.0.0] AndroidManifest.xml:34:17-107
188                android:value="com.google.firebase.components.ComponentRegistrar" />
188-->[com.google.firebase:firebase-storage:20.0.0] AndroidManifest.xml:35:17-82
189            <meta-data
189-->[com.google.android.gms:play-services-measurement-api:19.0.0] AndroidManifest.xml:30:13-32:85
190                android:name="com.google.firebase.components:com.google.firebase.analytics.connector.internal.AnalyticsConnectorRegistrar"
190-->[com.google.android.gms:play-services-measurement-api:19.0.0] AndroidManifest.xml:31:17-139
191                android:value="com.google.firebase.components.ComponentRegistrar" />
191-->[com.google.android.gms:play-services-measurement-api:19.0.0] AndroidManifest.xml:32:17-82
192            <meta-data
192-->[com.google.firebase:firebase-installations:17.0.0] AndroidManifest.xml:18:13-20:85
193                android:name="com.google.firebase.components:com.google.firebase.installations.FirebaseInstallationsRegistrar"
193-->[com.google.firebase:firebase-installations:17.0.0] AndroidManifest.xml:19:17-127
194                android:value="com.google.firebase.components.ComponentRegistrar" />
194-->[com.google.firebase:firebase-installations:17.0.0] AndroidManifest.xml:20:17-82
195        </service> <!-- Include the AdActivity and InAppPurchaseActivity configChanges and themes. -->
196        <activity
196-->[com.google.android.gms:play-services-ads-lite:20.4.0] AndroidManifest.xml:49:9-53:64
197            android:name="com.google.android.gms.ads.AdActivity"
197-->[com.google.android.gms:play-services-ads-lite:20.4.0] AndroidManifest.xml:50:13-65
198            android:configChanges="keyboard|keyboardHidden|orientation|screenLayout|uiMode|screenSize|smallestScreenSize"
198-->[com.google.android.gms:play-services-ads-lite:20.4.0] AndroidManifest.xml:51:13-122
199            android:exported="false"
199-->[com.google.android.gms:play-services-ads-lite:20.4.0] AndroidManifest.xml:52:13-37
200            android:theme="@android:style/Theme.Translucent" />
200-->[com.google.android.gms:play-services-ads-lite:20.4.0] AndroidManifest.xml:53:13-61
201
202        <provider
202-->[com.google.android.gms:play-services-ads-lite:20.4.0] AndroidManifest.xml:55:9-59:39
203            android:name="com.google.android.gms.ads.MobileAdsInitProvider"
203-->[com.google.android.gms:play-services-ads-lite:20.4.0] AndroidManifest.xml:56:13-76
204            android:authorities="com.column.roar.mobileadsinitprovider"
204-->[com.google.android.gms:play-services-ads-lite:20.4.0] AndroidManifest.xml:57:13-73
205            android:exported="false"
205-->[com.google.android.gms:play-services-ads-lite:20.4.0] AndroidManifest.xml:58:13-37
206            android:initOrder="100" />
206-->[com.google.android.gms:play-services-ads-lite:20.4.0] AndroidManifest.xml:59:13-36
207
208        <service
208-->[com.google.android.gms:play-services-ads-lite:20.4.0] AndroidManifest.xml:61:9-64:40
209            android:name="com.google.android.gms.ads.AdService"
209-->[com.google.android.gms:play-services-ads-lite:20.4.0] AndroidManifest.xml:62:13-64
210            android:enabled="true"
210-->[com.google.android.gms:play-services-ads-lite:20.4.0] AndroidManifest.xml:63:13-35
211            android:exported="false" />
211-->[com.google.android.gms:play-services-ads-lite:20.4.0] AndroidManifest.xml:64:13-37
212
213        <provider
213-->[androidx.work:work-runtime:2.1.0] AndroidManifest.xml:30:9-36:35
214            android:name="androidx.work.impl.WorkManagerInitializer"
214-->[androidx.work:work-runtime:2.1.0] AndroidManifest.xml:31:13-69
215            android:authorities="com.column.roar.workmanager-init"
215-->[androidx.work:work-runtime:2.1.0] AndroidManifest.xml:32:13-68
216            android:directBootAware="false"
216-->[androidx.work:work-runtime:2.1.0] AndroidManifest.xml:33:13-44
217            android:exported="false"
217-->[androidx.work:work-runtime:2.1.0] AndroidManifest.xml:34:13-37
218            android:multiprocess="true" />
218-->[androidx.work:work-runtime:2.1.0] AndroidManifest.xml:35:13-40
219
220        <service
220-->[androidx.work:work-runtime:2.1.0] AndroidManifest.xml:38:9-43:35
221            android:name="androidx.work.impl.background.systemalarm.SystemAlarmService"
221-->[androidx.work:work-runtime:2.1.0] AndroidManifest.xml:39:13-88
222            android:directBootAware="false"
222-->[androidx.work:work-runtime:2.1.0] AndroidManifest.xml:40:13-44
223            android:enabled="@bool/enable_system_alarm_service_default"
223-->[androidx.work:work-runtime:2.1.0] AndroidManifest.xml:41:13-72
224            android:exported="false" />
224-->[androidx.work:work-runtime:2.1.0] AndroidManifest.xml:42:13-37
225        <service
225-->[androidx.work:work-runtime:2.1.0] AndroidManifest.xml:44:9-50:35
226            android:name="androidx.work.impl.background.systemjob.SystemJobService"
226-->[androidx.work:work-runtime:2.1.0] AndroidManifest.xml:45:13-84
227            android:directBootAware="false"
227-->[androidx.work:work-runtime:2.1.0] AndroidManifest.xml:46:13-44
228            android:enabled="@bool/enable_system_job_service_default"
228-->[androidx.work:work-runtime:2.1.0] AndroidManifest.xml:47:13-70
229            android:exported="true"
229-->[androidx.work:work-runtime:2.1.0] AndroidManifest.xml:48:13-36
230            android:permission="android.permission.BIND_JOB_SERVICE" />
230-->[androidx.work:work-runtime:2.1.0] AndroidManifest.xml:49:13-69
231
232        <receiver
232-->[androidx.work:work-runtime:2.1.0] AndroidManifest.xml:52:9-57:35
233            android:name="androidx.work.impl.utils.ForceStopRunnable$BroadcastReceiver"
233-->[androidx.work:work-runtime:2.1.0] AndroidManifest.xml:53:13-88
234            android:directBootAware="false"
234-->[androidx.work:work-runtime:2.1.0] AndroidManifest.xml:54:13-44
235            android:enabled="true"
235-->[androidx.work:work-runtime:2.1.0] AndroidManifest.xml:55:13-35
236            android:exported="false" />
236-->[androidx.work:work-runtime:2.1.0] AndroidManifest.xml:56:13-37
237        <receiver
237-->[androidx.work:work-runtime:2.1.0] AndroidManifest.xml:58:9-68:20
238            android:name="androidx.work.impl.background.systemalarm.ConstraintProxy$BatteryChargingProxy"
238-->[androidx.work:work-runtime:2.1.0] AndroidManifest.xml:59:13-106
239            android:directBootAware="false"
239-->[androidx.work:work-runtime:2.1.0] AndroidManifest.xml:60:13-44
240            android:enabled="false"
240-->[androidx.work:work-runtime:2.1.0] AndroidManifest.xml:61:13-36
241            android:exported="false" >
241-->[androidx.work:work-runtime:2.1.0] AndroidManifest.xml:62:13-37
242            <intent-filter>
242-->[androidx.work:work-runtime:2.1.0] AndroidManifest.xml:64:13-67:29
243                <action android:name="android.intent.action.ACTION_POWER_CONNECTED" />
243-->[androidx.work:work-runtime:2.1.0] AndroidManifest.xml:65:17-87
243-->[androidx.work:work-runtime:2.1.0] AndroidManifest.xml:65:25-84
244                <action android:name="android.intent.action.ACTION_POWER_DISCONNECTED" />
244-->[androidx.work:work-runtime:2.1.0] AndroidManifest.xml:66:17-90
244-->[androidx.work:work-runtime:2.1.0] AndroidManifest.xml:66:25-87
245            </intent-filter>
246        </receiver>
247        <receiver
247-->[androidx.work:work-runtime:2.1.0] AndroidManifest.xml:69:9-79:20
248            android:name="androidx.work.impl.background.systemalarm.ConstraintProxy$BatteryNotLowProxy"
248-->[androidx.work:work-runtime:2.1.0] AndroidManifest.xml:70:13-104
249            android:directBootAware="false"
249-->[androidx.work:work-runtime:2.1.0] AndroidManifest.xml:71:13-44